Determining if the pthread_create exist failed with the following output:
Change Dir: /home/user/_wsAryan/haptic_ws/build/CMakeFiles/CMakeTmp

Run Build Command:"/usr/bin/make" "cmTC_29750/fast"
/usr/bin/make -f CMakeFiles/cmTC_29750.dir/build.make CMakeFiles/cmTC_29750.dir/build
make[1]: Entering directory '/home/user/_wsAryan/haptic_ws/build/CMakeFiles/CMakeTmp'
Building C object CMakeFiles/cmTC_29750.dir/CheckSymbolExists.c.o
/usr/bin/cc    -o CMakeFiles/cmTC_29750.dir/CheckSymbolExists.c.o   -c /home/user/_wsAryan/haptic_ws/build/CMakeFiles/CMakeTmp/CheckSymbolExists.c
Linking C executable cmTC_29750
/usr/bin/cmake -E cmake_link_script CMakeFiles/cmTC_29750.dir/link.txt --verbose=1
/usr/bin/cc      -rdynamic CMakeFiles/cmTC_29750.dir/CheckSymbolExists.c.o  -o cmTC_29750 
CMakeFiles/cmTC_29750.dir/CheckSymbolExists.c.o: In function `main':
CheckSymbolExists.c:(.text+0x1b): undefined reference to `pthread_create'
collect2: error: ld returned 1 exit status
CMakeFiles/cmTC_29750.dir/build.make:97: recipe for target 'cmTC_29750' failed
make[1]: *** [cmTC_29750] Error 1
make[1]: Leaving directory '/home/user/_wsAryan/haptic_ws/build/CMakeFiles/CMakeTmp'
Makefile:126: recipe for target 'cmTC_29750/fast' failed
make: *** [cmTC_29750/fast] Error 2

File /home/user/_wsAryan/haptic_ws/build/CMakeFiles/CMakeTmp/CheckSymbolExists.c:
/* */
#include <pthread.h>

int main(int argc, char** argv)
{
  (void)argv;
#ifndef pthread_create
  return ((int*)(&pthread_create))[argc];
#else
  (void)argc;
  return 0;
#endif
}

Determining if the function pthread_create exists in the pthreads failed with the following output:
Change Dir: /home/user/_wsAryan/haptic_ws/build/CMakeFiles/CMakeTmp

Run Build Command:"/usr/bin/make" "cmTC_cd585/fast"
/usr/bin/make -f CMakeFiles/cmTC_cd585.dir/build.make CMakeFiles/cmTC_cd585.dir/build
make[1]: Entering directory '/home/user/_wsAryan/haptic_ws/build/CMakeFiles/CMakeTmp'
Building C object CMakeFiles/cmTC_cd585.dir/CheckFunctionExists.c.o
/usr/bin/cc   -DCHECK_FUNCTION_EXISTS=pthread_create   -o CMakeFiles/cmTC_cd585.dir/CheckFunctionExists.c.o   -c /usr/share/cmake-3.10/Modules/CheckFunctionExists.c
Linking C executable cmTC_cd585
/usr/bin/cmake -E cmake_link_script CMakeFiles/cmTC_cd585.dir/link.txt --verbose=1
/usr/bin/cc  -DCHECK_FUNCTION_EXISTS=pthread_create    -rdynamic CMakeFiles/cmTC_cd585.dir/CheckFunctionExists.c.o  -o cmTC_cd585 -lpthreads 
/usr/bin/ld: cannot find -lpthreads
collect2: error: ld returned 1 exit status
CMakeFiles/cmTC_cd585.dir/build.make:97: recipe for target 'cmTC_cd585' failed
make[1]: *** [cmTC_cd585] Error 1
make[1]: Leaving directory '/home/user/_wsAryan/haptic_ws/build/CMakeFiles/CMakeTmp'
Makefile:126: recipe for target 'cmTC_cd585/fast' failed
make: *** [cmTC_cd585/fast] Error 2


